Arguments: 
  /usr/bin/node /usr/bin/yarn add -D eslint eshint-loader babel-core babel-loader babel-preset-env node-sass style-loader css-loader sass-loader

PATH: 
  /home/abry/bin:/home/abry/.local/bin:/usr/local/bin:/usr/bin:/bin:/sbin:/usr/bin/core_perl:/usr/bin/core_perl:/home/abry/.composer/vendor/bin:/usr/local/sbin

Yarn version: 
  1.12.3

Node version: 
  11.4.0

Platform: 
  linux x64

Trace: 
  Error: https://registry.yarnpkg.com/eshint-loader: Not found
      at Request.params.callback [as _callback] (/usr/lib/node_modules/yarn/lib/cli.js:65894:18)
      at Request.self.callback (/usr/lib/node_modules/yarn/lib/cli.js:129018:22)
      at Request.emit (events.js:189:13)
      at Request.<anonymous> (/usr/lib/node_modules/yarn/lib/cli.js:129990:10)
      at Request.emit (events.js:189:13)
      at IncomingMessage.<anonymous> (/usr/lib/node_modules/yarn/lib/cli.js:129912:12)
      at Object.onceWrapper (events.js:277:13)
      at IncomingMessage.emit (events.js:194:15)
      at endReadableNT (_stream_readable.js:1107:12)
      at process.internalTickCallback (internal/process/next_tick.js:72:19)

npm manifest: 
  {
    "name": "abryrath-com",
    "version": "1.0.0",
    "main": "index.js",
    "repository": "git@github.com:abryrath/abryrath-com.git",
    "author": "Abry Rath <abryrath@gmail.com>",
    "license": "MIT"
  }

yarn manifest: 
  No manifest

Lockfile: 
  No lockfile
